<?xml version="1.0" encoding="UTF-8"?>
<!-- Generated by org.testng.reporters.JUnitReportReporter -->
<testsuite skipped="0" hostname="Praveen" name="ProgramsPractice.maximumOccurrenceInArray" tests="1" failures="0" timestamp="24 Sep 2018 16:35:35 GMT" time="0.036" errors="0">
  <testcase name="dupelementsarray" time="0.036" classname="ProgramsPractice.maximumOccurrenceInArray"/>
</testsuite> <!-- ProgramsPractice.maximumOccurrenceInArray -->
