<?xml version="1.0" encoding="UTF-8"?>
<!-- Generated by org.testng.reporters.JUnitReportReporter -->
<testsuite skipped="0" hostname="Praveen" name="ProgramsPractice.letterSwap" tests="1" failures="0" timestamp="30 Jun 2020 09:16:26 GMT" time="0.045" errors="0">
  <testcase name="testmethod" time="0.045" classname="ProgramsPractice.letterSwap"/>
</testsuite> <!-- ProgramsPractice.letterSwap -->
