<?xml version="1.0" encoding="UTF-8"?>
<!-- Generated by org.testng.reporters.JUnitReportReporter -->
<testsuite skipped="0" hostname="Praveen" name="ProgramsPractice.reverseArray" tests="1" failures="0" timestamp="26 Sep 2018 15:03:02 GMT" time="0.033" errors="0">
  <testcase name="revarray" time="0.033" classname="ProgramsPractice.reverseArray"/>
</testsuite> <!-- ProgramsPractice.reverseArray -->
