<?xml version="1.0" encoding="UTF-8"?>
<!-- Generated by org.testng.reporters.JUnitReportReporter -->
<testsuite skipped="0" hostname="Praveen" name="ProgramsPractice.swapString_And_ReverseAlternativeWords" tests="1" failures="0" timestamp="24 Sep 2018 04:34:11 GMT" time="0.038" errors="0">
  <testcase name="swaptest" time="0.038" classname="ProgramsPractice.swapString_And_ReverseAlternativeWords"/>
</testsuite> <!-- ProgramsPractice.swapString_And_ReverseAlternativeWords -->
