<?xml version="1.0" encoding="UTF-8"?>
<!-- Generated by org.testng.reporters.JUnitReportReporter -->
<testsuite skipped="0" hostname="Praveen" name="ProgramsPractice.hash" tests="1" failures="0" timestamp="06 Jan 2019 04:10:41 GMT" time="0.035" errors="0">
  <testcase name="hashtest2" time="0.035" classname="ProgramsPractice.hash"/>
</testsuite> <!-- ProgramsPractice.hash -->
