<?xml version="1.0" encoding="UTF-8"?>
<!-- Generated by org.testng.reporters.JUnitReportReporter -->
<testsuite skipped="0" hostname="Praveen" name="ProgramsPractice.maxArray2" tests="1" failures="0" timestamp="24 Sep 2018 16:16:09 GMT" time="0.032" errors="0">
  <testcase name="maxarray" time="0.032" classname="ProgramsPractice.maxArray2"/>
</testsuite> <!-- ProgramsPractice.maxArray2 -->
